2023-06-08 09:47:59.944  INFO 18416 --- [restartedMain] c.i.api.ExecuteAlgorithmApplication      : Starting ExecuteAlgorithmApplication using Java 17.0.6 with PID 18416 (C:\Users\sycap\OneDrive\문서\workspace\execute_algorithm\build\classes\java\main started by sycap in C:\Users\sycap\OneDrive\문서\workspace\execute_algorithm)
2023-06-08 09:47:59.952  INFO 18416 --- [restartedMain] c.i.api.ExecuteAlgorithmApplication      : No active profile set, falling back to 1 default profile: "default"
2023-06-08 09:48:00.012  INFO 18416 --- [restartedMain] o.s.b.devtools.restart.ChangeableUrls    : The Class-Path manifest attribute in C:\Users\sycap\.gradle\caches\modules-2\files-2.1\com.oracle.database.jdbc\ojdbc8\21.7.0.0\c7242cb44f0b5fe54b156bffd848347dfa943728\ojdbc8-21.7.0.0.jar referenced one or more files that do not exist: file:/C:/Users/sycap/.gradle/caches/modules-2/files-2.1/com.oracle.database.jdbc/ojdbc8/21.7.0.0/c7242cb44f0b5fe54b156bffd848347dfa943728/oraclepki.jar
2023-06-08 09:48:00.012  INFO 18416 --- [restartedMain] .e.DevToolsPropertyDefaultsPostProcessor : Devtools property defaults active! Set 'spring.devtools.add-properties' to 'false' to disable
2023-06-08 09:48:00.013  INFO 18416 --- [restartedMain] .e.DevToolsPropertyDefaultsPostProcessor : For additional web related logging consider setting the 'logging.level.web' property to 'DEBUG'
2023-06-08 09:48:01.832  INFO 18416 --- [restartedMain] .s.d.r.c.RepositoryConfigurationDelegate : Bootstrapping Spring Data JPA repositories in DEFAULT mode.
2023-06-08 09:48:02.064  INFO 18416 --- [restartedMain] .s.d.r.c.RepositoryConfigurationDelegate : Finished Spring Data repository scanning in 223 ms. Found 4 JPA repository interfaces.
2023-06-08 09:48:02.481  INFO 18416 --- [restartedMain] trationDelegate$BeanPostProcessorChecker : Bean 'org.springframework.ws.config.annotation.DelegatingWsConfiguration' of type [org.springframework.ws.config.annotation.DelegatingWsConfiguration$$SpringCGLIB$$0] is not eligible for getting processed by all BeanPostProcessors (for example: not eligible for auto-proxying)
2023-06-08 09:48:02.534  INFO 18416 --- [restartedMain] .w.s.a.s.AnnotationActionEndpointMapping : Supporting [WS-Addressing August 2004, WS-Addressing 1.0]
2023-06-08 09:48:02.910  INFO 18416 --- [restartedMain] o.s.b.w.embedded.tomcat.TomcatWebServer  : Tomcat initialized with port(s): 8000 (http)
2023-06-08 09:48:02.923  INFO 18416 --- [restartedMain] o.apache.catalina.core.StandardService   : Starting service [Tomcat]
2023-06-08 09:48:02.923  INFO 18416 --- [restartedMain] o.apache.catalina.core.StandardEngine    : Starting Servlet engine: [Apache Tomcat/10.1.7]
2023-06-08 09:48:03.025  INFO 18416 --- [restartedMain] o.a.c.c.C.[Tomcat].[localhost].[/]       : Initializing Spring embedded WebApplicationContext
2023-06-08 09:48:03.026  INFO 18416 --- [restartedMain] w.s.c.ServletWebServerApplicationContext : Root WebApplicationContext: initialization completed in 3013 ms
2023-06-08 09:48:03.058  INFO 18416 --- [restartedMain] com.zaxxer.hikari.HikariDataSource       : HikariPool-1 - Starting...
2023-06-08 09:48:03.422  INFO 18416 --- [restartedMain] com.zaxxer.hikari.pool.HikariPool        : HikariPool-1 - Added connection org.postgresql.jdbc.PgConnection@44a93623
2023-06-08 09:48:03.424  INFO 18416 --- [restartedMain] com.zaxxer.hikari.HikariDataSource       : HikariPool-1 - Start completed.
2023-06-08 09:48:03.440  INFO 18416 --- [restartedMain] o.s.b.a.h2.H2ConsoleAutoConfiguration    : H2 console available at '/h2-console'. Database available at 'jdbc:postgresql://43.202.19.12:5435/execute_algorithm'
2023-06-08 09:48:03.492  WARN 18416 --- [restartedMain] .s.s.UserDetailsServiceAutoConfiguration : 

Using generated security password: 68f1412e-590f-4b45-8d5f-f56a4a68f6ee

This generated password is for development use only. Your security configuration must be updated before running your application in production.

2023-06-08 09:48:03.653  INFO 18416 --- [restartedMain] o.hibernate.jpa.internal.util.LogHelper  : HHH000204: Processing PersistenceUnitInfo [name: default]
2023-06-08 09:48:03.738  INFO 18416 --- [restartedMain] org.hibernate.Version                    : HHH000412: Hibernate ORM core version 6.2.2.Final
2023-06-08 09:48:03.742  INFO 18416 --- [restartedMain] org.hibernate.cfg.Environment            : HHH000406: Using bytecode reflection optimizer
2023-06-08 09:48:03.927  INFO 18416 --- [restartedMain] o.h.b.i.BytecodeProviderInitiator        : HHH000021: Bytecode provider name : bytebuddy
2023-06-08 09:48:04.096  INFO 18416 --- [restartedMain] o.s.o.j.p.SpringPersistenceUnitInfo      : No LoadTimeWeaver setup: ignoring JPA class transformer
2023-06-08 09:48:04.157  INFO 18416 --- [restartedMain] org.hibernate.orm.dialect                : HHH035001: Using dialect: org.hibernate.dialect.PostgreSQLDialect, version: org.hibernate.engine.jdbc.env.internal.JdbcEnvironmentInitiator$DialectResolutionInfoImpl@4e5a4539
2023-06-08 09:48:04.442  INFO 18416 --- [restartedMain] o.h.b.i.BytecodeProviderInitiator        : HHH000021: Bytecode provider name : bytebuddy
2023-06-08 09:48:05.199  INFO 18416 --- [restartedMain] o.h.e.t.j.p.i.JtaPlatformInitiator       : HHH000490: Using JtaPlatform implementation: [org.hibernate.engine.transaction.jta.platform.internal.NoJtaPlatform]
2023-06-08 09:48:05.202  INFO 18416 --- [restartedMain] j.LocalContainerEntityManagerFactoryBean : Initialized JPA EntityManagerFactory for persistence unit 'default'
2023-06-08 09:48:07.203  INFO 18416 --- [restartedMain] o.s.s.web.DefaultSecurityFilterChain     : Will secure any request with [org.springframework.security.web.session.DisableEncodeUrlFilter@6bef3e94, org.springframework.security.web.context.request.async.WebAsyncManagerIntegrationFilter@75fb6569, org.springframework.security.web.context.SecurityContextHolderFilter@2d5a1778, org.springframework.security.web.header.HeaderWriterFilter@61775a1d, org.springframework.security.web.authentication.logout.LogoutFilter@6e5ccbd4, com.ifinfo.api.security.config.JwtAuthenticationFilter@105933a5, org.springframework.security.web.savedrequest.RequestCacheAwareFilter@713975ee, org.springframework.security.web.servletapi.SecurityContextHolderAwareRequestFilter@39394761, org.springframework.security.web.authentication.AnonymousAuthenticationFilter@1ac2dcb5, org.springframework.security.web.session.SessionManagementFilter@19178ac1, org.springframework.security.web.access.ExceptionTranslationFilter@716aa6d8, org.springframework.security.web.access.intercept.AuthorizationFilter@7f6c2ccc]
2023-06-08 09:48:07.940  INFO 18416 --- [restartedMain] o.s.b.d.a.OptionalLiveReloadServer       : LiveReload server is running on port 35729
2023-06-08 09:48:07.982  INFO 18416 --- [restartedMain] o.s.b.w.embedded.tomcat.TomcatWebServer  : Tomcat started on port(s): 8000 (http) with context path ''
2023-06-08 09:48:07.995  INFO 18416 --- [restartedMain] c.i.api.ExecuteAlgorithmApplication      : Started ExecuteAlgorithmApplication in 8.545 seconds (process running for 9.376)
2023-06-08 09:48:07.998  INFO 18416 --- [restartedMain] o.s.b.a.b.JobLauncherApplicationRunner   : Running default command line with: []
2023-06-08 10:22:05.182  INFO 18416 --- [http-nio-8000-exec-1] o.a.c.c.C.[Tomcat].[localhost].[/]       : Initializing Spring DispatcherServlet 'dispatcherServlet'
2023-06-08 10:22:05.184  INFO 18416 --- [http-nio-8000-exec-1] o.s.web.servlet.DispatcherServlet        : Initializing Servlet 'dispatcherServlet'
2023-06-08 10:22:05.186  INFO 18416 --- [http-nio-8000-exec-1] o.s.web.servlet.DispatcherServlet        : Completed initialization in 2 ms
2023-06-08 10:22:06.639  INFO 18416 --- [http-nio-8000-exec-9] o.springdoc.api.AbstractOpenApiResource  : Init duration for springdoc-openapi is: 1153 ms
2023-06-08 10:27:00.273 ERROR 18416 --- [http-nio-8000-exec-4] o.a.c.c.C.[.[.[/].[dispatcherServlet]    : Servlet.service() for servlet [dispatcherServlet] in context with path [] threw exception [Request processing failed: java.lang.NullPointerException: Cannot invoke "Object.getClass()" because "constant" is null] with root cause

java.lang.NullPointerException: Cannot invoke "Object.getClass()" because "constant" is null
	at com.querydsl.core.types.ConstantImpl.<init>(ConstantImpl.java:124) ~[querydsl-core-5.0.0.jar:na]
	at com.querydsl.core.types.ConstantImpl.create(ConstantImpl.java:108) ~[querydsl-core-5.0.0.jar:na]
	at com.querydsl.core.types.dsl.ComparableExpression.goe(ComparableExpression.java:188) ~[querydsl-core-5.0.0.jar:na]
	at com.ifinfo.api.autotrading.repository.query.impl.AutoTradingExecutionsRepositoryQueryImpl.searchAutoTradingExecutionList(AutoTradingExecutionsRepositoryQueryImpl.java:39) ~[main/:na]
	at java.base/jdk.internal.reflect.NativeMethodAccessorImpl.invoke0(Native Method) ~[na:na]
	at java.base/jdk.internal.reflect.NativeMethodAccessorImpl.invoke(NativeMethodAccessorImpl.java:77) ~[na:na]
	at java.base/jdk.internal.reflect.DelegatingMethodAccessorImpl.invoke(DelegatingMethodAccessorImpl.java:43) ~[na:na]
	at java.base/java.lang.reflect.Method.invoke(Method.java:568) ~[na:na]
	at org.springframework.aop.support.AopUtils.invokeJoinpointUsingReflection(AopUtils.java:343) ~[spring-aop-6.0.7.jar:6.0.7]
	at org.springframework.aop.framework.ReflectiveMethodInvocation.invokeJoinpoint(ReflectiveMethodInvocation.java:196) ~[spring-aop-6.0.7.jar:6.0.7]
	at org.springframework.aop.framework.ReflectiveMethodInvocation.proceed(ReflectiveMethodInvocation.java:163) ~[spring-aop-6.0.7.jar:6.0.7]
	at org.springframework.aop.framework.CglibAopProxy$CglibMethodInvocation.proceed(CglibAopProxy.java:750) ~[spring-aop-6.0.7.jar:6.0.7]
	at org.springframework.dao.support.PersistenceExceptionTranslationInterceptor.invoke(PersistenceExceptionTranslationInterceptor.java:137) ~[spring-tx-6.0.7.jar:6.0.7]
	at org.springframework.aop.framework.ReflectiveMethodInvocation.proceed(ReflectiveMethodInvocation.java:184) ~[spring-aop-6.0.7.jar:6.0.7]
	at org.springframework.aop.framework.CglibAopProxy$CglibMethodInvocation.proceed(CglibAopProxy.java:750) ~[spring-aop-6.0.7.jar:6.0.7]
	at org.springframework.aop.framework.CglibAopProxy$DynamicAdvisedInterceptor.intercept(CglibAopProxy.java:702) ~[spring-aop-6.0.7.jar:6.0.7]
	at com.ifinfo.api.autotrading.repository.query.impl.AutoTradingExecutionsRepositoryQueryImpl$$SpringCGLIB$$0.searchAutoTradingExecutionList(<generated>) ~[main/:na]
	at java.base/jdk.internal.reflect.NativeMethodAccessorImpl.invoke0(Native Method) ~[na:na]
	at java.base/jdk.internal.reflect.NativeMethodAccessorImpl.invoke(NativeMethodAccessorImpl.java:77) ~[na:na]
	at java.base/jdk.internal.reflect.DelegatingMethodAccessorImpl.invoke(DelegatingMethodAccessorImpl.java:43) ~[na:na]
	at java.base/java.lang.reflect.Method.invoke(Method.java:568) ~[na:na]
	at org.springframework.data.repository.core.support.RepositoryMethodInvoker$RepositoryFragmentMethodInvoker.lambda$new$0(RepositoryMethodInvoker.java:288) ~[spring-data-commons-3.0.4.jar:3.0.4]
	at org.springframework.data.repository.core.support.RepositoryMethodInvoker.doInvoke(RepositoryMethodInvoker.java:136) ~[spring-data-commons-3.0.4.jar:3.0.4]
	at org.springframework.data.repository.core.support.RepositoryMethodInvoker.invoke(RepositoryMethodInvoker.java:120) ~[spring-data-commons-3.0.4.jar:3.0.4]
	at org.springframework.data.repository.core.support.RepositoryComposition$RepositoryFragments.invoke(RepositoryComposition.java:516) ~[spring-data-commons-3.0.4.jar:3.0.4]
	at org.springframework.data.repository.core.support.RepositoryComposition.invoke(RepositoryComposition.java:285) ~[spring-data-commons-3.0.4.jar:3.0.4]
	at org.springframework.data.repository.core.support.RepositoryFactorySupport$ImplementationMethodExecutionInterceptor.invoke(RepositoryFactorySupport.java:628) ~[spring-data-commons-3.0.4.jar:3.0.4]
	at org.springframework.aop.framework.ReflectiveMethodInvocation.proceed(ReflectiveMethodInvocation.java:184) ~[spring-aop-6.0.7.jar:6.0.7]
	at org.springframework.data.repository.core.support.QueryExecutorMethodInterceptor.doInvoke(QueryExecutorMethodInterceptor.java:168) ~[spring-data-commons-3.0.4.jar:3.0.4]
	at org.springframework.data.repository.core.support.QueryExecutorMethodInterceptor.invoke(QueryExecutorMethodInterceptor.java:143) ~[spring-data-commons-3.0.4.jar:3.0.4]
	at org.springframework.aop.framework.ReflectiveMethodInvocation.proceed(ReflectiveMethodInvocation.java:184) ~[spring-aop-6.0.7.jar:6.0.7]
	at org.springframework.data.projection.DefaultMethodInvokingMethodInterceptor.invoke(DefaultMethodInvokingMethodInterceptor.java:77) ~[spring-data-commons-3.0.4.jar:3.0.4]
	at org.springframework.aop.framework.ReflectiveMethodInvocation.proceed(ReflectiveMethodInvocation.java:184) ~[spring-aop-6.0.7.jar:6.0.7]
	at org.springframework.transaction.interceptor.TransactionInterceptor$1.proceedWithInvocation(TransactionInterceptor.java:123) ~[spring-tx-6.0.7.jar:6.0.7]
	at org.springframework.transaction.interceptor.TransactionAspectSupport.invokeWithinTransaction(TransactionAspectSupport.java:391) ~[spring-tx-6.0.7.jar:6.0.7]
	at org.springframework.transaction.interceptor.TransactionInterceptor.invoke(TransactionInterceptor.java:119) ~[spring-tx-6.0.7.jar:6.0.7]
	at org.springframework.aop.framework.ReflectiveMethodInvocation.proceed(ReflectiveMethodInvocation.java:184) ~[spring-aop-6.0.7.jar:6.0.7]
	at org.springframework.dao.support.PersistenceExceptionTranslationInterceptor.invoke(PersistenceExceptionTranslationInterceptor.java:137) ~[spring-tx-6.0.7.jar:6.0.7]
	at org.springframework.aop.framework.ReflectiveMethodInvocation.proceed(ReflectiveMethodInvocation.java:184) ~[spring-aop-6.0.7.jar:6.0.7]
	at org.springframework.data.jpa.repository.support.CrudMethodMetadataPostProcessor$CrudMethodMetadataPopulatingMethodInterceptor.invoke(CrudMethodMetadataPostProcessor.java:163) ~[spring-data-jpa-3.0.4.jar:3.0.4]
	at org.springframework.aop.framework.ReflectiveMethodInvocation.proceed(ReflectiveMethodInvocation.java:184) ~[spring-aop-6.0.7.jar:6.0.7]
	at org.springframework.aop.interceptor.ExposeInvocationInterceptor.invoke(ExposeInvocationInterceptor.java:97) ~[spring-aop-6.0.7.jar:6.0.7]
	at org.springframework.aop.framework.ReflectiveMethodInvocation.proceed(ReflectiveMethodInvocation.java:184) ~[spring-aop-6.0.7.jar:6.0.7]
	at org.springframework.aop.framework.JdkDynamicAopProxy.invoke(JdkDynamicAopProxy.java:218) ~[spring-aop-6.0.7.jar:6.0.7]
	at jdk.proxy4/jdk.proxy4.$Proxy149.searchAutoTradingExecutionList(Unknown Source) ~[na:na]
	at com.ifinfo.api.autotrading.application.service.AutoTradingExecutionsService.list(AutoTradingExecutionsService.java:22) ~[main/:na]
	at java.base/jdk.internal.reflect.NativeMethodAccessorImpl.invoke0(Native Method) ~[na:na]
	at java.base/jdk.internal.reflect.NativeMethodAccessorImpl.invoke(NativeMethodAccessorImpl.java:77) ~[na:na]
	at java.base/jdk.internal.reflect.DelegatingMethodAccessorImpl.invoke(DelegatingMethodAccessorImpl.java:43) ~[na:na]
	at java.base/java.lang.reflect.Method.invoke(Method.java:568) ~[na:na]
	at org.springframework.aop.support.AopUtils.invokeJoinpointUsingReflection(AopUtils.java:343) ~[spring-aop-6.0.7.jar:6.0.7]
	at org.springframework.aop.framework.ReflectiveMethodInvocation.invokeJoinpoint(ReflectiveMethodInvocation.java:196) ~[spring-aop-6.0.7.jar:6.0.7]
	at org.springframework.aop.framework.ReflectiveMethodInvocation.proceed(ReflectiveMethodInvocation.java:163) ~[spring-aop-6.0.7.jar:6.0.7]
	at org.springframework.aop.framework.CglibAopProxy$CglibMethodInvocation.proceed(CglibAopProxy.java:750) ~[spring-aop-6.0.7.jar:6.0.7]
	at org.springframework.transaction.interceptor.TransactionInterceptor$1.proceedWithInvocation(TransactionInterceptor.java:123) ~[spring-tx-6.0.7.jar:6.0.7]
	at org.springframework.transaction.interceptor.TransactionAspectSupport.invokeWithinTransaction(TransactionAspectSupport.java:391) ~[spring-tx-6.0.7.jar:6.0.7]
	at org.springframework.transaction.interceptor.TransactionInterceptor.invoke(TransactionInterceptor.java:119) ~[spring-tx-6.0.7.jar:6.0.7]
	at org.springframework.aop.framework.ReflectiveMethodInvocation.proceed(ReflectiveMethodInvocation.java:184) ~[spring-aop-6.0.7.jar:6.0.7]
	at org.springframework.aop.framework.CglibAopProxy$CglibMethodInvocation.proceed(CglibAopProxy.java:750) ~[spring-aop-6.0.7.jar:6.0.7]
	at org.springframework.aop.framework.CglibAopProxy$DynamicAdvisedInterceptor.intercept(CglibAopProxy.java:702) ~[spring-aop-6.0.7.jar:6.0.7]
	at com.ifinfo.api.autotrading.application.service.AutoTradingExecutionsService$$SpringCGLIB$$0.list(<generated>) ~[main/:na]
	at com.ifinfo.api.autotrading.application.controller.AutoTradingExecutionsController.list(AutoTradingExecutionsController.java:25) ~[main/:na]
	at java.base/jdk.internal.reflect.NativeMethodAccessorImpl.invoke0(Native Method) ~[na:na]
	at java.base/jdk.internal.reflect.NativeMethodAccessorImpl.invoke(NativeMethodAccessorImpl.java:77) ~[na:na]
	at java.base/jdk.internal.reflect.DelegatingMethodAccessorImpl.invoke(DelegatingMethodAccessorImpl.java:43) ~[na:na]
	at java.base/java.lang.reflect.Method.invoke(Method.java:568) ~[na:na]
	at org.springframework.web.method.support.InvocableHandlerMethod.doInvoke(InvocableHandlerMethod.java:207) ~[spring-web-6.0.7.jar:6.0.7]
	at org.springframework.web.method.support.InvocableHandlerMethod.invokeForRequest(InvocableHandlerMethod.java:152) ~[spring-web-6.0.7.jar:6.0.7]
	at org.springframework.web.servlet.mvc.method.annotation.ServletInvocableHandlerMethod.invokeAndHandle(ServletInvocableHandlerMethod.java:118) ~[spring-webmvc-6.0.7.jar:6.0.7]
	at org.springframework.web.servlet.mvc.method.annotation.RequestMappingHandlerAdapter.invokeHandlerMethod(RequestMappingHandlerAdapter.java:884) ~[spring-webmvc-6.0.7.jar:6.0.7]
	at org.springframework.web.servlet.mvc.method.annotation.RequestMappingHandlerAdapter.handleInternal(RequestMappingHandlerAdapter.java:797) ~[spring-webmvc-6.0.7.jar:6.0.7]
	at org.springframework.web.servlet.mvc.method.AbstractHandlerMethodAdapter.handle(AbstractHandlerMethodAdapter.java:87) ~[spring-webmvc-6.0.7.jar:6.0.7]
	at org.springframework.web.servlet.DispatcherServlet.doDispatch(DispatcherServlet.java:1081) ~[spring-webmvc-6.0.7.jar:6.0.7]
	at org.springframework.web.servlet.DispatcherServlet.doService(DispatcherServlet.java:974) ~[spring-webmvc-6.0.7.jar:6.0.7]
	at org.springframework.web.servlet.FrameworkServlet.processRequest(FrameworkServlet.java:1011) ~[spring-webmvc-6.0.7.jar:6.0.7]
	at org.springframework.web.servlet.FrameworkServlet.doGet(FrameworkServlet.java:903) ~[spring-webmvc-6.0.7.jar:6.0.7]
	at jakarta.servlet.http.HttpServlet.service(HttpServlet.java:537) ~[tomcat-embed-core-10.1.7.jar:6.0]
	at org.springframework.web.servlet.FrameworkServlet.service(FrameworkServlet.java:885) ~[spring-webmvc-6.0.7.jar:6.0.7]
	at jakarta.servlet.http.HttpServlet.service(HttpServlet.java:631) ~[tomcat-embed-core-10.1.7.jar:6.0]
	at org.apache.catalina.core.ApplicationFilterChain.internalDoFilter(ApplicationFilterChain.java:205) ~[tomcat-embed-core-10.1.7.jar:10.1.7]
	at org.apache.catalina.core.ApplicationFilterChain.doFilter(ApplicationFilterChain.java:149) ~[tomcat-embed-core-10.1.7.jar:10.1.7]
	at org.apache.tomcat.websocket.server.WsFilter.doFilter(WsFilter.java:53) ~[tomcat-embed-websocket-10.1.7.jar:10.1.7]
	at org.apache.catalina.core.ApplicationFilterChain.internalDoFilter(ApplicationFilterChain.java:174) ~[tomcat-embed-core-10.1.7.jar:10.1.7]
	at org.apache.catalina.core.ApplicationFilterChain.doFilter(ApplicationFilterChain.java:149) ~[tomcat-embed-core-10.1.7.jar:10.1.7]
	at org.springframework.web.filter.OncePerRequestFilter.doFilter(OncePerRequestFilter.java:110) ~[spring-web-6.0.7.jar:6.0.7]
	at org.apache.catalina.core.ApplicationFilterChain.internalDoFilter(ApplicationFilterChain.java:174) ~[tomcat-embed-core-10.1.7.jar:10.1.7]
	at org.apache.catalina.core.ApplicationFilterChain.doFilter(ApplicationFilterChain.java:149) ~[tomcat-embed-core-10.1.7.jar:10.1.7]
	at org.springframework.security.web.FilterChainProxy.lambda$doFilterInternal$3(FilterChainProxy.java:231) ~[spring-security-web-6.0.2.jar:6.0.2]
	at org.springframework.security.web.FilterChainProxy$VirtualFilterChain.doFilter(FilterChainProxy.java:365) ~[spring-security-web-6.0.2.jar:6.0.2]
	at org.springframework.security.web.access.intercept.AuthorizationFilter.doFilter(AuthorizationFilter.java:100) ~[spring-security-web-6.0.2.jar:6.0.2]
	at org.springframework.security.web.FilterChainProxy$VirtualFilterChain.doFilter(FilterChainProxy.java:374) ~[spring-security-web-6.0.2.jar:6.0.2]
	at org.springframework.security.web.access.ExceptionTranslationFilter.doFilter(ExceptionTranslationFilter.java:126) ~[spring-security-web-6.0.2.jar:6.0.2]
	at org.springframework.security.web.access.ExceptionTranslationFilter.doFilter(ExceptionTranslationFilter.java:120) ~[spring-security-web-6.0.2.jar:6.0.2]
	at org.springframework.security.web.FilterChainProxy$VirtualFilterChain.doFilter(FilterChainProxy.java:374) ~[spring-security-web-6.0.2.jar:6.0.2]
	at org.springframework.security.web.session.SessionManagementFilter.doFilter(SessionManagementFilter.java:131) ~[spring-security-web-6.0.2.jar:6.0.2]
	at org.springframework.security.web.session.SessionManagementFilter.doFilter(SessionManagementFilter.java:85) ~[spring-security-web-6.0.2.jar:6.0.2]
	at org.springframework.security.web.FilterChainProxy$VirtualFilterChain.doFilter(FilterChainProxy.java:374) ~[spring-security-web-6.0.2.jar:6.0.2]
	at org.springframework.security.web.authentication.AnonymousAuthenticationFilter.doFilter(AnonymousAuthenticationFilter.java:100) ~[spring-security-web-6.0.2.jar:6.0.2]
	at org.springframework.security.web.FilterChainProxy$VirtualFilterChain.doFilter(FilterChainProxy.java:374) ~[spring-security-web-6.0.2.jar:6.0.2]
	at org.springframework.security.web.servletapi.SecurityContextHolderAwareRequestFilter.doFilter(SecurityContextHolderAwareRequestFilter.java:179) ~[spring-security-web-6.0.2.jar:6.0.2]
	at org.springframework.security.web.FilterChainProxy$VirtualFilterChain.doFilter(FilterChainProxy.java:374) ~[spring-security-web-6.0.2.jar:6.0.2]
	at org.springframework.security.web.savedrequest.RequestCacheAwareFilter.doFilter(RequestCacheAwareFilter.java:63) ~[spring-security-web-6.0.2.jar:6.0.2]
	at org.springframework.security.web.FilterChainProxy$VirtualFilterChain.doFilter(FilterChainProxy.java:374) ~[spring-security-web-6.0.2.jar:6.0.2]
	at com.ifinfo.api.security.config.JwtAuthenticationFilter.doFilterInternal(JwtAuthenticationFilter.java:42) ~[main/:na]
	at org.springframework.web.filter.OncePerRequestFilter.doFilter(OncePerRequestFilter.java:116) ~[spring-web-6.0.7.jar:6.0.7]
	at org.springframework.security.web.FilterChainProxy$VirtualFilterChain.doFilter(FilterChainProxy.java:374) ~[spring-security-web-6.0.2.jar:6.0.2]
	at org.springframework.security.web.authentication.logout.LogoutFilter.doFilter(LogoutFilter.java:107) ~[spring-security-web-6.0.2.jar:6.0.2]
	at org.springframework.security.web.authentication.logout.LogoutFilter.doFilter(LogoutFilter.java:93) ~[spring-security-web-6.0.2.jar:6.0.2]
	at org.springframework.security.web.FilterChainProxy$VirtualFilterChain.doFilter(FilterChainProxy.java:374) ~[spring-security-web-6.0.2.jar:6.0.2]
	at org.springframework.security.web.header.HeaderWriterFilter.doHeadersAfter(HeaderWriterFilter.java:90) ~[spring-security-web-6.0.2.jar:6.0.2]
	at org.springframework.security.web.header.HeaderWriterFilter.doFilterInternal(HeaderWriterFilter.java:75) ~[spring-security-web-6.0.2.jar:6.0.2]
	at org.springframework.web.filter.OncePerRequestFilter.doFilter(OncePerRequestFilter.java:116) ~[spring-web-6.0.7.jar:6.0.7]
	at org.springframework.security.web.FilterChainProxy$VirtualFilterChain.doFilter(FilterChainProxy.java:374) ~[spring-security-web-6.0.2.jar:6.0.2]
	at org.springframework.security.web.context.SecurityContextHolderFilter.doFilter(SecurityContextHolderFilter.java:82) ~[spring-security-web-6.0.2.jar:6.0.2]
	at org.springframework.security.web.context.SecurityContextHolderFilter.doFilter(SecurityContextHolderFilter.java:69) ~[spring-security-web-6.0.2.jar:6.0.2]
	at org.springframework.security.web.FilterChainProxy$VirtualFilterChain.doFilter(FilterChainProxy.java:374) ~[spring-security-web-6.0.2.jar:6.0.2]
	at org.springframework.security.web.context.request.async.WebAsyncManagerIntegrationFilter.doFilterInternal(WebAsyncManagerIntegrationFilter.java:62) ~[spring-security-web-6.0.2.jar:6.0.2]
	at org.springframework.web.filter.OncePerRequestFilter.doFilter(OncePerRequestFilter.java:116) ~[spring-web-6.0.7.jar:6.0.7]
	at org.springframework.security.web.FilterChainProxy$VirtualFilterChain.doFilter(FilterChainProxy.java:374) ~[spring-security-web-6.0.2.jar:6.0.2]
	at org.springframework.security.web.session.DisableEncodeUrlFilter.doFilterInternal(DisableEncodeUrlFilter.java:42) ~[spring-security-web-6.0.2.jar:6.0.2]
	at org.springframework.web.filter.OncePerRequestFilter.doFilter(OncePerRequestFilter.java:116) ~[spring-web-6.0.7.jar:6.0.7]
	at org.springframework.security.web.FilterChainProxy$VirtualFilterChain.doFilter(FilterChainProxy.java:374) ~[spring-security-web-6.0.2.jar:6.0.2]
	at org.springframework.security.web.FilterChainProxy.doFilterInternal(FilterChainProxy.java:233) ~[spring-security-web-6.0.2.jar:6.0.2]
	at org.springframework.security.web.FilterChainProxy.doFilter(FilterChainProxy.java:191) ~[spring-security-web-6.0.2.jar:6.0.2]
	at org.springframework.web.filter.DelegatingFilterProxy.invokeDelegate(DelegatingFilterProxy.java:352) ~[spring-web-6.0.7.jar:6.0.7]
	at org.springframework.web.filter.DelegatingFilterProxy.doFilter(DelegatingFilterProxy.java:268) ~[spring-web-6.0.7.jar:6.0.7]
	at org.apache.catalina.core.ApplicationFilterChain.internalDoFilter(ApplicationFilterChain.java:174) ~[tomcat-embed-core-10.1.7.jar:10.1.7]
	at org.apache.catalina.core.ApplicationFilterChain.doFilter(ApplicationFilterChain.java:149) ~[tomcat-embed-core-10.1.7.jar:10.1.7]
	at org.springframework.web.filter.RequestContextFilter.doFilterInternal(RequestContextFilter.java:100) ~[spring-web-6.0.7.jar:6.0.7]
	at org.springframework.web.filter.OncePerRequestFilter.doFilter(OncePerRequestFilter.java:116) ~[spring-web-6.0.7.jar:6.0.7]
	at org.apache.catalina.core.ApplicationFilterChain.internalDoFilter(ApplicationFilterChain.java:174) ~[tomcat-embed-core-10.1.7.jar:10.1.7]
	at org.apache.catalina.core.ApplicationFilterChain.doFilter(ApplicationFilterChain.java:149) ~[tomcat-embed-core-10.1.7.jar:10.1.7]
	at org.springframework.web.filter.FormContentFilter.doFilterInternal(FormContentFilter.java:93) ~[spring-web-6.0.7.jar:6.0.7]
	at org.springframework.web.filter.OncePerRequestFilter.doFilter(OncePerRequestFilter.java:116) ~[spring-web-6.0.7.jar:6.0.7]
	at org.apache.catalina.core.ApplicationFilterChain.internalDoFilter(ApplicationFilterChain.java:174) ~[tomcat-embed-core-10.1.7.jar:10.1.7]
	at org.apache.catalina.core.ApplicationFilterChain.doFilter(ApplicationFilterChain.java:149) ~[tomcat-embed-core-10.1.7.jar:10.1.7]
	at org.springframework.web.filter.CharacterEncodingFilter.doFilterInternal(CharacterEncodingFilter.java:201) ~[spring-web-6.0.7.jar:6.0.7]
	at org.springframework.web.filter.OncePerRequestFilter.doFilter(OncePerRequestFilter.java:116) ~[spring-web-6.0.7.jar:6.0.7]
	at org.apache.catalina.core.ApplicationFilterChain.internalDoFilter(ApplicationFilterChain.java:174) ~[tomcat-embed-core-10.1.7.jar:10.1.7]
	at org.apache.catalina.core.ApplicationFilterChain.doFilter(ApplicationFilterChain.java:149) ~[tomcat-embed-core-10.1.7.jar:10.1.7]
	at org.apache.catalina.core.StandardWrapperValve.invoke(StandardWrapperValve.java:166) ~[tomcat-embed-core-10.1.7.jar:10.1.7]
	at org.apache.catalina.core.StandardContextValve.invoke(StandardContextValve.java:90) ~[tomcat-embed-core-10.1.7.jar:10.1.7]
	at org.apache.catalina.authenticator.AuthenticatorBase.invoke(AuthenticatorBase.java:493) ~[tomcat-embed-core-10.1.7.jar:10.1.7]
	at org.apache.catalina.core.StandardHostValve.invoke(StandardHostValve.java:115) ~[tomcat-embed-core-10.1.7.jar:10.1.7]
	at org.apache.catalina.valves.ErrorReportValve.invoke(ErrorReportValve.java:93) ~[tomcat-embed-core-10.1.7.jar:10.1.7]
	at org.apache.catalina.core.StandardEngineValve.invoke(StandardEngineValve.java:74) ~[tomcat-embed-core-10.1.7.jar:10.1.7]
	at org.apache.catalina.connector.CoyoteAdapter.service(CoyoteAdapter.java:341) ~[tomcat-embed-core-10.1.7.jar:10.1.7]
	at org.apache.coyote.http11.Http11Processor.service(Http11Processor.java:390) ~[tomcat-embed-core-10.1.7.jar:10.1.7]
	at org.apache.coyote.AbstractProcessorLight.process(AbstractProcessorLight.java:63) ~[tomcat-embed-core-10.1.7.jar:10.1.7]
	at org.apache.coyote.AbstractProtocol$ConnectionHandler.process(AbstractProtocol.java:894) ~[tomcat-embed-core-10.1.7.jar:10.1.7]
	at org.apache.tomcat.util.net.NioEndpoint$SocketProcessor.doRun(NioEndpoint.java:1741) ~[tomcat-embed-core-10.1.7.jar:10.1.7]
	at org.apache.tomcat.util.net.SocketProcessorBase.run(SocketProcessorBase.java:52) ~[tomcat-embed-core-10.1.7.jar:10.1.7]
	at org.apache.tomcat.util.threads.ThreadPoolExecutor.runWorker(ThreadPoolExecutor.java:1191) ~[tomcat-embed-core-10.1.7.jar:10.1.7]
	at org.apache.tomcat.util.threads.ThreadPoolExecutor$Worker.run(ThreadPoolExecutor.java:659) ~[tomcat-embed-core-10.1.7.jar:10.1.7]
	at org.apache.tomcat.util.threads.TaskThread$WrappingRunnable.run(TaskThread.java:61) ~[tomcat-embed-core-10.1.7.jar:10.1.7]
	at java.base/java.lang.Thread.run(Thread.java:833) ~[na:na]

2023-06-08 10:28:04.586 ERROR 18416 --- [http-nio-8000-exec-6] o.a.c.c.C.[.[.[/].[dispatcherServlet]    : Servlet.service() for servlet [dispatcherServlet] in context with path [] threw exception [Request processing failed: org.springframework.dao.InvalidDataAccessApiUsageException: org.hibernate.query.sqm.ParsingException: line 2:27 mismatched input 'autoTradingExecutions' expecting {<EOF>, ',', FROM, GROUP, ORDER, WHERE}] with root cause

org.hibernate.query.sqm.ParsingException: line 2:27 mismatched input 'autoTradingExecutions' expecting {<EOF>, ',', FROM, GROUP, ORDER, WHERE}
	at org.hibernate.query.hql.internal.StandardHqlTranslator$1.syntaxError(StandardHqlTranslator.java:46) ~[hibernate-core-6.2.2.Final.jar:6.2.2.Final]
	at org.antlr.v4.runtime.ProxyErrorListener.syntaxError(ProxyErrorListener.java:41) ~[antlr4-runtime-4.10.1.jar:4.10.1]
	at org.antlr.v4.runtime.Parser.notifyErrorListeners(Parser.java:543) ~[antlr4-runtime-4.10.1.jar:4.10.1]
	at org.antlr.v4.runtime.DefaultErrorStrategy.reportInputMismatch(DefaultErrorStrategy.java:327) ~[antlr4-runtime-4.10.1.jar:4.10.1]
	at org.antlr.v4.runtime.DefaultErrorStrategy.reportError(DefaultErrorStrategy.java:139) ~[antlr4-runtime-4.10.1.jar:4.10.1]
	at org.hibernate.grammars.hql.HqlParser.statement(HqlParser.java:361) ~[hibernate-core-6.2.2.Final.jar:6.2.2.Final]
	at org.hibernate.query.hql.internal.StandardHqlTranslator.parseHql(StandardHqlTranslator.java:127) ~[hibernate-core-6.2.2.Final.jar:6.2.2.Final]
	at org.hibernate.query.hql.internal.StandardHqlTranslator.translate(StandardHqlTranslator.java:77) ~[hibernate-core-6.2.2.Final.jar:6.2.2.Final]
	at org.hibernate.internal.AbstractSharedSessionContract.lambda$interpretHql$2(AbstractSharedSessionContract.java:744) ~[hibernate-core-6.2.2.Final.jar:6.2.2.Final]
	at org.hibernate.query.internal.QueryInterpretationCacheStandardImpl.createHqlInterpretation(QueryInterpretationCacheStandardImpl.java:141) ~[hibernate-core-6.2.2.Final.jar:6.2.2.Final]
	at org.hibernate.query.internal.QueryInterpretationCacheStandardImpl.resolveHqlInterpretation(QueryInterpretationCacheStandardImpl.java:128) ~[hibernate-core-6.2.2.Final.jar:6.2.2.Final]
	at org.hibernate.internal.AbstractSharedSessionContract.interpretHql(AbstractSharedSessionContract.java:741) ~[hibernate-core-6.2.2.Final.jar:6.2.2.Final]
	at org.hibernate.internal.AbstractSharedSessionContract.createQuery(AbstractSharedSessionContract.java:786) ~[hibernate-core-6.2.2.Final.jar:6.2.2.Final]
	at org.hibernate.internal.AbstractSharedSessionContract.createQuery(AbstractSharedSessionContract.java:704) ~[hibernate-core-6.2.2.Final.jar:6.2.2.Final]
	at org.hibernate.internal.AbstractSharedSessionContract.createQuery(AbstractSharedSessionContract.java:120) ~[hibernate-core-6.2.2.Final.jar:6.2.2.Final]
	at java.base/jdk.internal.reflect.NativeMethodAccessorImpl.invoke0(Native Method) ~[na:na]
	at java.base/jdk.internal.reflect.NativeMethodAccessorImpl.invoke(NativeMethodAccessorImpl.java:77) ~[na:na]
	at java.base/jdk.internal.reflect.DelegatingMethodAccessorImpl.invoke(DelegatingMethodAccessorImpl.java:43) ~[na:na]
	at java.base/java.lang.reflect.Method.invoke(Method.java:568) ~[na:na]
	at org.springframework.orm.jpa.SharedEntityManagerCreator$SharedEntityManagerInvocationHandler.invoke(SharedEntityManagerCreator.java:311) ~[spring-orm-6.0.7.jar:6.0.7]
	at jdk.proxy4/jdk.proxy4.$Proxy138.createQuery(Unknown Source) ~[na:na]
	at com.querydsl.jpa.impl.AbstractJPAQuery.createQuery(AbstractJPAQuery.java:132) ~[querydsl-jpa-5.0.0-jakarta.jar:na]
	at com.querydsl.jpa.impl.AbstractJPAQuery.createQuery(AbstractJPAQuery.java:125) ~[querydsl-jpa-5.0.0-jakarta.jar:na]
	at com.querydsl.jpa.impl.AbstractJPAQuery.fetch(AbstractJPAQuery.java:242) ~[querydsl-jpa-5.0.0-jakarta.jar:na]
	at com.ifinfo.api.autotrading.repository.query.impl.AutoTradingExecutionsRepositoryQueryImpl.searchAutoTradingExecutionList(AutoTradingExecutionsRepositoryQueryImpl.java:53) ~[main/:na]
	at java.base/jdk.internal.reflect.NativeMethodAccessorImpl.invoke0(Native Method) ~[na:na]
	at java.base/jdk.internal.reflect.NativeMethodAccessorImpl.invoke(NativeMethodAccessorImpl.java:77) ~[na:na]
	at java.base/jdk.internal.reflect.DelegatingMethodAccessorImpl.invoke(DelegatingMethodAccessorImpl.java:43) ~[na:na]
	at java.base/java.lang.reflect.Method.invoke(Method.java:568) ~[na:na]
	at org.springframework.aop.support.AopUtils.invokeJoinpointUsingReflection(AopUtils.java:343) ~[spring-aop-6.0.7.jar:6.0.7]
	at org.springframework.aop.framework.ReflectiveMethodInvocation.invokeJoinpoint(ReflectiveMethodInvocation.java:196) ~[spring-aop-6.0.7.jar:6.0.7]
	at org.springframework.aop.framework.ReflectiveMethodInvocation.proceed(ReflectiveMethodInvocation.java:163) ~[spring-aop-6.0.7.jar:6.0.7]
	at org.springframework.aop.framework.CglibAopProxy$CglibMethodInvocation.proceed(CglibAopProxy.java:750) ~[spring-aop-6.0.7.jar:6.0.7]
	at org.springframework.dao.support.PersistenceExceptionTranslationInterceptor.invoke(PersistenceExceptionTranslationInterceptor.java:137) ~[spring-tx-6.0.7.jar:6.0.7]
	at org.springframework.aop.framework.ReflectiveMethodInvocation.proceed(ReflectiveMethodInvocation.java:184) ~[spring-aop-6.0.7.jar:6.0.7]
	at org.springframework.aop.framework.CglibAopProxy$CglibMethodInvocation.proceed(CglibAopProxy.java:750) ~[spring-aop-6.0.7.jar:6.0.7]
	at org.springframework.aop.framework.CglibAopProxy$DynamicAdvisedInterceptor.intercept(CglibAopProxy.java:702) ~[spring-aop-6.0.7.jar:6.0.7]
	at com.ifinfo.api.autotrading.repository.query.impl.AutoTradingExecutionsRepositoryQueryImpl$$SpringCGLIB$$0.searchAutoTradingExecutionList(<generated>) ~[main/:na]
	at java.base/jdk.internal.reflect.NativeMethodAccessorImpl.invoke0(Native Method) ~[na:na]
	at java.base/jdk.internal.reflect.NativeMethodAccessorImpl.invoke(NativeMethodAccessorImpl.java:77) ~[na:na]
	at java.base/jdk.internal.reflect.DelegatingMethodAccessorImpl.invoke(DelegatingMethodAccessorImpl.java:43) ~[na:na]
	at java.base/java.lang.reflect.Method.invoke(Method.java:568) ~[na:na]
	at org.springframework.data.repository.core.support.RepositoryMethodInvoker$RepositoryFragmentMethodInvoker.lambda$new$0(RepositoryMethodInvoker.java:288) ~[spring-data-commons-3.0.4.jar:3.0.4]
	at org.springframework.data.repository.core.support.RepositoryMethodInvoker.doInvoke(RepositoryMethodInvoker.java:136) ~[spring-data-commons-3.0.4.jar:3.0.4]
	at org.springframework.data.repository.core.support.RepositoryMethodInvoker.invoke(RepositoryMethodInvoker.java:120) ~[spring-data-commons-3.0.4.jar:3.0.4]
	at org.springframework.data.repository.core.support.RepositoryComposition$RepositoryFragments.invoke(RepositoryComposition.java:516) ~[spring-data-commons-3.0.4.jar:3.0.4]
	at org.springframework.data.repository.core.support.RepositoryComposition.invoke(RepositoryComposition.java:285) ~[spring-data-commons-3.0.4.jar:3.0.4]
	at org.springframework.data.repository.core.support.RepositoryFactorySupport$ImplementationMethodExecutionInterceptor.invoke(RepositoryFactorySupport.java:628) ~[spring-data-commons-3.0.4.jar:3.0.4]
	at org.springframework.aop.framework.ReflectiveMethodInvocation.proceed(ReflectiveMethodInvocation.java:184) ~[spring-aop-6.0.7.jar:6.0.7]
	at org.springframework.data.repository.core.support.QueryExecutorMethodInterceptor.doInvoke(QueryExecutorMethodInterceptor.java:168) ~[spring-data-commons-3.0.4.jar:3.0.4]
	at org.springframework.data.repository.core.support.QueryExecutorMethodInterceptor.invoke(QueryExecutorMethodInterceptor.java:143) ~[spring-data-commons-3.0.4.jar:3.0.4]
	at org.springframework.aop.framework.ReflectiveMethodInvocation.proceed(ReflectiveMethodInvocation.java:184) ~[spring-aop-6.0.7.jar:6.0.7]
	at org.springframework.data.projection.DefaultMethodInvokingMethodInterceptor.invoke(DefaultMethodInvokingMethodInterceptor.java:77) ~[spring-data-commons-3.0.4.jar:3.0.4]
	at org.springframework.aop.framework.ReflectiveMethodInvocation.proceed(ReflectiveMethodInvocation.java:184) ~[spring-aop-6.0.7.jar:6.0.7]
	at org.springframework.transaction.interceptor.TransactionInterceptor$1.proceedWithInvocation(TransactionInterceptor.java:123) ~[spring-tx-6.0.7.jar:6.0.7]
	at org.springframework.transaction.interceptor.TransactionAspectSupport.invokeWithinTransaction(TransactionAspectSupport.java:391) ~[spring-tx-6.0.7.jar:6.0.7]
	at org.springframework.transaction.interceptor.TransactionInterceptor.invoke(TransactionInterceptor.java:119) ~[spring-tx-6.0.7.jar:6.0.7]
	at org.springframework.aop.framework.ReflectiveMethodInvocation.proceed(ReflectiveMethodInvocation.java:184) ~[spring-aop-6.0.7.jar:6.0.7]
	at org.springframework.dao.support.PersistenceExceptionTranslationInterceptor.invoke(PersistenceExceptionTranslationInterceptor.java:137) ~[spring-tx-6.0.7.jar:6.0.7]
	at org.springframework.aop.framework.ReflectiveMethodInvocation.proceed(ReflectiveMethodInvocation.java:184) ~[spring-aop-6.0.7.jar:6.0.7]
	at org.springframework.data.jpa.repository.support.CrudMethodMetadataPostProcessor$CrudMethodMetadataPopulatingMethodInterceptor.invoke(CrudMethodMetadataPostProcessor.java:163) ~[spring-data-jpa-3.0.4.jar:3.0.4]
	at org.springframework.aop.framework.ReflectiveMethodInvocation.proceed(ReflectiveMethodInvocation.java:184) ~[spring-aop-6.0.7.jar:6.0.7]
	at org.springframework.aop.interceptor.ExposeInvocationInterceptor.invoke(ExposeInvocationInterceptor.java:97) ~[spring-aop-6.0.7.jar:6.0.7]
	at org.springframework.aop.framework.ReflectiveMethodInvocation.proceed(ReflectiveMethodInvocation.java:184) ~[spring-aop-6.0.7.jar:6.0.7]
	at org.springframework.aop.framework.JdkDynamicAopProxy.invoke(JdkDynamicAopProxy.java:218) ~[spring-aop-6.0.7.jar:6.0.7]
	at jdk.proxy4/jdk.proxy4.$Proxy149.searchAutoTradingExecutionList(Unknown Source) ~[na:na]
	at com.ifinfo.api.autotrading.application.service.AutoTradingExecutionsService.list(AutoTradingExecutionsService.java:22) ~[main/:na]
	at java.base/jdk.internal.reflect.NativeMethodAccessorImpl.invoke0(Native Method) ~[na:na]
	at java.base/jdk.internal.reflect.NativeMethodAccessorImpl.invoke(NativeMethodAccessorImpl.java:77) ~[na:na]
	at java.base/jdk.internal.reflect.DelegatingMethodAccessorImpl.invoke(DelegatingMethodAccessorImpl.java:43) ~[na:na]
	at java.base/java.lang.reflect.Method.invoke(Method.java:568) ~[na:na]
	at org.springframework.aop.support.AopUtils.invokeJoinpointUsingReflection(AopUtils.java:343) ~[spring-aop-6.0.7.jar:6.0.7]
	at org.springframework.aop.framework.ReflectiveMethodInvocation.invokeJoinpoint(ReflectiveMethodInvocation.java:196) ~[spring-aop-6.0.7.jar:6.0.7]
	at org.springframework.aop.framework.ReflectiveMethodInvocation.proceed(ReflectiveMethodInvocation.java:163) ~[spring-aop-6.0.7.jar:6.0.7]
	at org.springframework.aop.framework.CglibAopProxy$CglibMethodInvocation.proceed(CglibAopProxy.java:750) ~[spring-aop-6.0.7.jar:6.0.7]
	at org.springframework.transaction.interceptor.TransactionInterceptor$1.proceedWithInvocation(TransactionInterceptor.java:123) ~[spring-tx-6.0.7.jar:6.0.7]
	at org.springframework.transaction.interceptor.TransactionAspectSupport.invokeWithinTransaction(TransactionAspectSupport.java:391) ~[spring-tx-6.0.7.jar:6.0.7]
	at org.springframework.transaction.interceptor.TransactionInterceptor.invoke(TransactionInterceptor.java:119) ~[spring-tx-6.0.7.jar:6.0.7]
	at org.springframework.aop.framework.ReflectiveMethodInvocation.proceed(ReflectiveMethodInvocation.java:184) ~[spring-aop-6.0.7.jar:6.0.7]
	at org.springframework.aop.framework.CglibAopProxy$CglibMethodInvocation.proceed(CglibAopProxy.java:750) ~[spring-aop-6.0.7.jar:6.0.7]
	at org.springframework.aop.framework.CglibAopProxy$DynamicAdvisedInterceptor.intercept(CglibAopProxy.java:702) ~[spring-aop-6.0.7.jar:6.0.7]
	at com.ifinfo.api.autotrading.application.service.AutoTradingExecutionsService$$SpringCGLIB$$0.list(<generated>) ~[main/:na]
	at com.ifinfo.api.autotrading.application.controller.AutoTradingExecutionsController.list(AutoTradingExecutionsController.java:25) ~[main/:na]
	at java.base/jdk.internal.reflect.NativeMethodAccessorImpl.invoke0(Native Method) ~[na:na]
	at java.base/jdk.internal.reflect.NativeMethodAccessorImpl.invoke(NativeMethodAccessorImpl.java:77) ~[na:na]
	at java.base/jdk.internal.reflect.DelegatingMethodAccessorImpl.invoke(DelegatingMethodAccessorImpl.java:43) ~[na:na]
	at java.base/java.lang.reflect.Method.invoke(Method.java:568) ~[na:na]
	at org.springframework.web.method.support.InvocableHandlerMethod.doInvoke(InvocableHandlerMethod.java:207) ~[spring-web-6.0.7.jar:6.0.7]
	at org.springframework.web.method.support.InvocableHandlerMethod.invokeForRequest(InvocableHandlerMethod.java:152) ~[spring-web-6.0.7.jar:6.0.7]
	at org.springframework.web.servlet.mvc.method.annotation.ServletInvocableHandlerMethod.invokeAndHandle(ServletInvocableHandlerMethod.java:118) ~[spring-webmvc-6.0.7.jar:6.0.7]
	at org.springframework.web.servlet.mvc.method.annotation.RequestMappingHandlerAdapter.invokeHandlerMethod(RequestMappingHandlerAdapter.java:884) ~[spring-webmvc-6.0.7.jar:6.0.7]
	at org.springframework.web.servlet.mvc.method.annotation.RequestMappingHandlerAdapter.handleInternal(RequestMappingHandlerAdapter.java:797) ~[spring-webmvc-6.0.7.jar:6.0.7]
	at org.springframework.web.servlet.mvc.method.AbstractHandlerMethodAdapter.handle(AbstractHandlerMethodAdapter.java:87) ~[spring-webmvc-6.0.7.jar:6.0.7]
	at org.springframework.web.servlet.DispatcherServlet.doDispatch(DispatcherServlet.java:1081) ~[spring-webmvc-6.0.7.jar:6.0.7]
	at org.springframework.web.servlet.DispatcherServlet.doService(DispatcherServlet.java:974) ~[spring-webmvc-6.0.7.jar:6.0.7]
	at org.springframework.web.servlet.FrameworkServlet.processRequest(FrameworkServlet.java:1011) ~[spring-webmvc-6.0.7.jar:6.0.7]
	at org.springframework.web.servlet.FrameworkServlet.doGet(FrameworkServlet.java:903) ~[spring-webmvc-6.0.7.jar:6.0.7]
	at jakarta.servlet.http.HttpServlet.service(HttpServlet.java:537) ~[tomcat-embed-core-10.1.7.jar:6.0]
	at org.springframework.web.servlet.FrameworkServlet.service(FrameworkServlet.java:885) ~[spring-webmvc-6.0.7.jar:6.0.7]
	at jakarta.servlet.http.HttpServlet.service(HttpServlet.java:631) ~[tomcat-embed-core-10.1.7.jar:6.0]
	at org.apache.catalina.core.ApplicationFilterChain.internalDoFilter(ApplicationFilterChain.java:205) ~[tomcat-embed-core-10.1.7.jar:10.1.7]
	at org.apache.catalina.core.ApplicationFilterChain.doFilter(ApplicationFilterChain.java:149) ~[tomcat-embed-core-10.1.7.jar:10.1.7]
	at org.apache.tomcat.websocket.server.WsFilter.doFilter(WsFilter.java:53) ~[tomcat-embed-websocket-10.1.7.jar:10.1.7]
	at org.apache.catalina.core.ApplicationFilterChain.internalDoFilter(ApplicationFilterChain.java:174) ~[tomcat-embed-core-10.1.7.jar:10.1.7]
	at org.apache.catalina.core.ApplicationFilterChain.doFilter(ApplicationFilterChain.java:149) ~[tomcat-embed-core-10.1.7.jar:10.1.7]
	at org.springframework.web.filter.OncePerRequestFilter.doFilter(OncePerRequestFilter.java:110) ~[spring-web-6.0.7.jar:6.0.7]
	at org.apache.catalina.core.ApplicationFilterChain.internalDoFilter(ApplicationFilterChain.java:174) ~[tomcat-embed-core-10.1.7.jar:10.1.7]
	at org.apache.catalina.core.ApplicationFilterChain.doFilter(ApplicationFilterChain.java:149) ~[tomcat-embed-core-10.1.7.jar:10.1.7]
	at org.springframework.security.web.FilterChainProxy.lambda$doFilterInternal$3(FilterChainProxy.java:231) ~[spring-security-web-6.0.2.jar:6.0.2]
	at org.springframework.security.web.FilterChainProxy$VirtualFilterChain.doFilter(FilterChainProxy.java:365) ~[spring-security-web-6.0.2.jar:6.0.2]
	at org.springframework.security.web.access.intercept.AuthorizationFilter.doFilter(AuthorizationFilter.java:100) ~[spring-security-web-6.0.2.jar:6.0.2]
	at org.springframework.security.web.FilterChainProxy$VirtualFilterChain.doFilter(FilterChainProxy.java:374) ~[spring-security-web-6.0.2.jar:6.0.2]
	at org.springframework.security.web.access.ExceptionTranslationFilter.doFilter(ExceptionTranslationFilter.java:126) ~[spring-security-web-6.0.2.jar:6.0.2]
	at org.springframework.security.web.access.ExceptionTranslationFilter.doFilter(ExceptionTranslationFilter.java:120) ~[spring-security-web-6.0.2.jar:6.0.2]
	at org.springframework.security.web.FilterChainProxy$VirtualFilterChain.doFilter(FilterChainProxy.java:374) ~[spring-security-web-6.0.2.jar:6.0.2]
	at org.springframework.security.web.session.SessionManagementFilter.doFilter(SessionManagementFilter.java:131) ~[spring-security-web-6.0.2.jar:6.0.2]
	at org.springframework.security.web.session.SessionManagementFilter.doFilter(SessionManagementFilter.java:85) ~[spring-security-web-6.0.2.jar:6.0.2]
	at org.springframework.security.web.FilterChainProxy$VirtualFilterChain.doFilter(FilterChainProxy.java:374) ~[spring-security-web-6.0.2.jar:6.0.2]
	at org.springframework.security.web.authentication.AnonymousAuthenticationFilter.doFilter(AnonymousAuthenticationFilter.java:100) ~[spring-security-web-6.0.2.jar:6.0.2]
	at org.springframework.security.web.FilterChainProxy$VirtualFilterChain.doFilter(FilterChainProxy.java:374) ~[spring-security-web-6.0.2.jar:6.0.2]
	at org.springframework.security.web.servletapi.SecurityContextHolderAwareRequestFilter.doFilter(SecurityContextHolderAwareRequestFilter.java:179) ~[spring-security-web-6.0.2.jar:6.0.2]
	at org.springframework.security.web.FilterChainProxy$VirtualFilterChain.doFilter(FilterChainProxy.java:374) ~[spring-security-web-6.0.2.jar:6.0.2]
	at org.springframework.security.web.savedrequest.RequestCacheAwareFilter.doFilter(RequestCacheAwareFilter.java:63) ~[spring-security-web-6.0.2.jar:6.0.2]
	at org.springframework.security.web.FilterChainProxy$VirtualFilterChain.doFilter(FilterChainProxy.java:374) ~[spring-security-web-6.0.2.jar:6.0.2]
	at com.ifinfo.api.security.config.JwtAuthenticationFilter.doFilterInternal(JwtAuthenticationFilter.java:42) ~[main/:na]
	at org.springframework.web.filter.OncePerRequestFilter.doFilter(OncePerRequestFilter.java:116) ~[spring-web-6.0.7.jar:6.0.7]
	at org.springframework.security.web.FilterChainProxy$VirtualFilterChain.doFilter(FilterChainProxy.java:374) ~[spring-security-web-6.0.2.jar:6.0.2]
	at org.springframework.security.web.authentication.logout.LogoutFilter.doFilter(LogoutFilter.java:107) ~[spring-security-web-6.0.2.jar:6.0.2]
	at org.springframework.security.web.authentication.logout.LogoutFilter.doFilter(LogoutFilter.java:93) ~[spring-security-web-6.0.2.jar:6.0.2]
	at org.springframework.security.web.FilterChainProxy$VirtualFilterChain.doFilter(FilterChainProxy.java:374) ~[spring-security-web-6.0.2.jar:6.0.2]
	at org.springframework.security.web.header.HeaderWriterFilter.doHeadersAfter(HeaderWriterFilter.java:90) ~[spring-security-web-6.0.2.jar:6.0.2]
	at org.springframework.security.web.header.HeaderWriterFilter.doFilterInternal(HeaderWriterFilter.java:75) ~[spring-security-web-6.0.2.jar:6.0.2]
	at org.springframework.web.filter.OncePerRequestFilter.doFilter(OncePerRequestFilter.java:116) ~[spring-web-6.0.7.jar:6.0.7]
	at org.springframework.security.web.FilterChainProxy$VirtualFilterChain.doFilter(FilterChainProxy.java:374) ~[spring-security-web-6.0.2.jar:6.0.2]
	at org.springframework.security.web.context.SecurityContextHolderFilter.doFilter(SecurityContextHolderFilter.java:82) ~[spring-security-web-6.0.2.jar:6.0.2]
	at org.springframework.security.web.context.SecurityContextHolderFilter.doFilter(SecurityContextHolderFilter.java:69) ~[spring-security-web-6.0.2.jar:6.0.2]
	at org.springframework.security.web.FilterChainProxy$VirtualFilterChain.doFilter(FilterChainProxy.java:374) ~[spring-security-web-6.0.2.jar:6.0.2]
	at org.springframework.security.web.context.request.async.WebAsyncManagerIntegrationFilter.doFilterInternal(WebAsyncManagerIntegrationFilter.java:62) ~[spring-security-web-6.0.2.jar:6.0.2]
	at org.springframework.web.filter.OncePerRequestFilter.doFilter(OncePerRequestFilter.java:116) ~[spring-web-6.0.7.jar:6.0.7]
	at org.springframework.security.web.FilterChainProxy$VirtualFilterChain.doFilter(FilterChainProxy.java:374) ~[spring-security-web-6.0.2.jar:6.0.2]
	at org.springframework.security.web.session.DisableEncodeUrlFilter.doFilterInternal(DisableEncodeUrlFilter.java:42) ~[spring-security-web-6.0.2.jar:6.0.2]
	at org.springframework.web.filter.OncePerRequestFilter.doFilter(OncePerRequestFilter.java:116) ~[spring-web-6.0.7.jar:6.0.7]
	at org.springframework.security.web.FilterChainProxy$VirtualFilterChain.doFilter(FilterChainProxy.java:374) ~[spring-security-web-6.0.2.jar:6.0.2]
	at org.springframework.security.web.FilterChainProxy.doFilterInternal(FilterChainProxy.java:233) ~[spring-security-web-6.0.2.jar:6.0.2]
	at org.springframework.security.web.FilterChainProxy.doFilter(FilterChainProxy.java:191) ~[spring-security-web-6.0.2.jar:6.0.2]
	at org.springframework.web.filter.DelegatingFilterProxy.invokeDelegate(DelegatingFilterProxy.java:352) ~[spring-web-6.0.7.jar:6.0.7]
	at org.springframework.web.filter.DelegatingFilterProxy.doFilter(DelegatingFilterProxy.java:268) ~[spring-web-6.0.7.jar:6.0.7]
	at org.apache.catalina.core.ApplicationFilterChain.internalDoFilter(ApplicationFilterChain.java:174) ~[tomcat-embed-core-10.1.7.jar:10.1.7]
	at org.apache.catalina.core.ApplicationFilterChain.doFilter(ApplicationFilterChain.java:149) ~[tomcat-embed-core-10.1.7.jar:10.1.7]
	at org.springframework.web.filter.RequestContextFilter.doFilterInternal(RequestContextFilter.java:100) ~[spring-web-6.0.7.jar:6.0.7]
	at org.springframework.web.filter.OncePerRequestFilter.doFilter(OncePerRequestFilter.java:116) ~[spring-web-6.0.7.jar:6.0.7]
	at org.apache.catalina.core.ApplicationFilterChain.internalDoFilter(ApplicationFilterChain.java:174) ~[tomcat-embed-core-10.1.7.jar:10.1.7]
	at org.apache.catalina.core.ApplicationFilterChain.doFilter(ApplicationFilterChain.java:149) ~[tomcat-embed-core-10.1.7.jar:10.1.7]
	at org.springframework.web.filter.FormContentFilter.doFilterInternal(FormContentFilter.java:93) ~[spring-web-6.0.7.jar:6.0.7]
	at org.springframework.web.filter.OncePerRequestFilter.doFilter(OncePerRequestFilter.java:116) ~[spring-web-6.0.7.jar:6.0.7]
	at org.apache.catalina.core.ApplicationFilterChain.internalDoFilter(ApplicationFilterChain.java:174) ~[tomcat-embed-core-10.1.7.jar:10.1.7]
	at org.apache.catalina.core.ApplicationFilterChain.doFilter(ApplicationFilterChain.java:149) ~[tomcat-embed-core-10.1.7.jar:10.1.7]
	at org.springframework.web.filter.CharacterEncodingFilter.doFilterInternal(CharacterEncodingFilter.java:201) ~[spring-web-6.0.7.jar:6.0.7]
	at org.springframework.web.filter.OncePerRequestFilter.doFilter(OncePerRequestFilter.java:116) ~[spring-web-6.0.7.jar:6.0.7]
	at org.apache.catalina.core.ApplicationFilterChain.internalDoFilter(ApplicationFilterChain.java:174) ~[tomcat-embed-core-10.1.7.jar:10.1.7]
	at org.apache.catalina.core.ApplicationFilterChain.doFilter(ApplicationFilterChain.java:149) ~[tomcat-embed-core-10.1.7.jar:10.1.7]
	at org.apache.catalina.core.StandardWrapperValve.invoke(StandardWrapperValve.java:166) ~[tomcat-embed-core-10.1.7.jar:10.1.7]
	at org.apache.catalina.core.StandardContextValve.invoke(StandardContextValve.java:90) ~[tomcat-embed-core-10.1.7.jar:10.1.7]
	at org.apache.catalina.authenticator.AuthenticatorBase.invoke(AuthenticatorBase.java:493) ~[tomcat-embed-core-10.1.7.jar:10.1.7]
	at org.apache.catalina.core.StandardHostValve.invoke(StandardHostValve.java:115) ~[tomcat-embed-core-10.1.7.jar:10.1.7]
	at org.apache.catalina.valves.ErrorReportValve.invoke(ErrorReportValve.java:93) ~[tomcat-embed-core-10.1.7.jar:10.1.7]
	at org.apache.catalina.core.StandardEngineValve.invoke(StandardEngineValve.java:74) ~[tomcat-embed-core-10.1.7.jar:10.1.7]
	at org.apache.catalina.connector.CoyoteAdapter.service(CoyoteAdapter.java:341) ~[tomcat-embed-core-10.1.7.jar:10.1.7]
	at org.apache.coyote.http11.Http11Processor.service(Http11Processor.java:390) ~[tomcat-embed-core-10.1.7.jar:10.1.7]
	at org.apache.coyote.AbstractProcessorLight.process(AbstractProcessorLight.java:63) ~[tomcat-embed-core-10.1.7.jar:10.1.7]
	at org.apache.coyote.AbstractProtocol$ConnectionHandler.process(AbstractProtocol.java:894) ~[tomcat-embed-core-10.1.7.jar:10.1.7]
	at org.apache.tomcat.util.net.NioEndpoint$SocketProcessor.doRun(NioEndpoint.java:1741) ~[tomcat-embed-core-10.1.7.jar:10.1.7]
	at org.apache.tomcat.util.net.SocketProcessorBase.run(SocketProcessorBase.java:52) ~[tomcat-embed-core-10.1.7.jar:10.1.7]
	at org.apache.tomcat.util.threads.ThreadPoolExecutor.runWorker(ThreadPoolExecutor.java:1191) ~[tomcat-embed-core-10.1.7.jar:10.1.7]
	at org.apache.tomcat.util.threads.ThreadPoolExecutor$Worker.run(ThreadPoolExecutor.java:659) ~[tomcat-embed-core-10.1.7.jar:10.1.7]
	at org.apache.tomcat.util.threads.TaskThread$WrappingRunnable.run(TaskThread.java:61) ~[tomcat-embed-core-10.1.7.jar:10.1.7]
	at java.base/java.lang.Thread.run(Thread.java:833) ~[na:na]

2023-06-08 10:29:36.699  INFO 18416 --- [SpringApplicationShutdownHook] j.LocalContainerEntityManagerFactoryBean : Closing JPA EntityManagerFactory for persistence unit 'default'
2023-06-08 10:29:36.703  INFO 18416 --- [SpringApplicationShutdownHook] com.zaxxer.hikari.HikariDataSource       : HikariPool-1 - Shutdown initiated...
2023-06-08 10:29:36.705  INFO 18416 --- [SpringApplicationShutdownHook] com.zaxxer.hikari.HikariDataSource       : HikariPool-1 - Shutdown completed.
2023-06-08 10:29:44.687  INFO 12624 --- [restartedMain] c.i.api.ExecuteAlgorithmApplication      : Starting ExecuteAlgorithmApplication using Java 17.0.6 with PID 12624 (C:\Users\sycap\OneDrive\문서\workspace\execute_algorithm\build\classes\java\main started by sycap in C:\Users\sycap\OneDrive\문서\workspace\execute_algorithm)
2023-06-08 10:29:44.691  INFO 12624 --- [restartedMain] c.i.api.ExecuteAlgorithmApplication      : No active profile set, falling back to 1 default profile: "default"
2023-06-08 10:29:44.748  INFO 12624 --- [restartedMain] o.s.b.devtools.restart.ChangeableUrls    : The Class-Path manifest attribute in C:\Users\sycap\.gradle\caches\modules-2\files-2.1\com.oracle.database.jdbc\ojdbc8\21.7.0.0\c7242cb44f0b5fe54b156bffd848347dfa943728\ojdbc8-21.7.0.0.jar referenced one or more files that do not exist: file:/C:/Users/sycap/.gradle/caches/modules-2/files-2.1/com.oracle.database.jdbc/ojdbc8/21.7.0.0/c7242cb44f0b5fe54b156bffd848347dfa943728/oraclepki.jar
2023-06-08 10:29:44.748  INFO 12624 --- [restartedMain] .e.DevToolsPropertyDefaultsPostProcessor : Devtools property defaults active! Set 'spring.devtools.add-properties' to 'false' to disable
2023-06-08 10:29:44.748  INFO 12624 --- [restartedMain] .e.DevToolsPropertyDefaultsPostProcessor : For additional web related logging consider setting the 'logging.level.web' property to 'DEBUG'
2023-06-08 10:29:45.679  INFO 12624 --- [restartedMain] .s.d.r.c.RepositoryConfigurationDelegate : Bootstrapping Spring Data JPA repositories in DEFAULT mode.
2023-06-08 10:29:45.880  INFO 12624 --- [restartedMain] .s.d.r.c.RepositoryConfigurationDelegate : Finished Spring Data repository scanning in 193 ms. Found 4 JPA repository interfaces.
2023-06-08 10:29:46.243  INFO 12624 --- [restartedMain] trationDelegate$BeanPostProcessorChecker : Bean 'org.springframework.ws.config.annotation.DelegatingWsConfiguration' of type [org.springframework.ws.config.annotation.DelegatingWsConfiguration$$SpringCGLIB$$0] is not eligible for getting processed by all BeanPostProcessors (for example: not eligible for auto-proxying)
2023-06-08 10:29:46.272  INFO 12624 --- [restartedMain] .w.s.a.s.AnnotationActionEndpointMapping : Supporting [WS-Addressing August 2004, WS-Addressing 1.0]
2023-06-08 10:29:46.578  INFO 12624 --- [restartedMain] o.s.b.w.embedded.tomcat.TomcatWebServer  : Tomcat initialized with port(s): 8000 (http)
2023-06-08 10:29:46.586  INFO 12624 --- [restartedMain] o.apache.catalina.core.StandardService   : Starting service [Tomcat]
2023-06-08 10:29:46.587  INFO 12624 --- [restartedMain] o.apache.catalina.core.StandardEngine    : Starting Servlet engine: [Apache Tomcat/10.1.7]
2023-06-08 10:29:46.661  INFO 12624 --- [restartedMain] o.a.c.c.C.[Tomcat].[localhost].[/]       : Initializing Spring embedded WebApplicationContext
2023-06-08 10:29:46.661  INFO 12624 --- [restartedMain] w.s.c.ServletWebServerApplicationContext : Root WebApplicationContext: initialization completed in 1913 ms
2023-06-08 10:29:46.686  INFO 12624 --- [restartedMain] com.zaxxer.hikari.HikariDataSource       : HikariPool-1 - Starting...
2023-06-08 10:29:46.907  INFO 12624 --- [restartedMain] com.zaxxer.hikari.pool.HikariPool        : HikariPool-1 - Added connection org.postgresql.jdbc.PgConnection@3cf840ec
2023-06-08 10:29:46.909  INFO 12624 --- [restartedMain] com.zaxxer.hikari.HikariDataSource       : HikariPool-1 - Start completed.
2023-06-08 10:29:46.920  INFO 12624 --- [restartedMain] o.s.b.a.h2.H2ConsoleAutoConfiguration    : H2 console available at '/h2-console'. Database available at 'jdbc:postgresql://43.202.19.12:5435/execute_algorithm'
2023-06-08 10:29:46.939  WARN 12624 --- [restartedMain] .s.s.UserDetailsServiceAutoConfiguration : 

Using generated security password: 79839f7b-ca2a-4aae-a116-380f3db61291

This generated password is for development use only. Your security configuration must be updated before running your application in production.

2023-06-08 10:29:47.059  INFO 12624 --- [restartedMain] o.hibernate.jpa.internal.util.LogHelper  : HHH000204: Processing PersistenceUnitInfo [name: default]
2023-06-08 10:29:47.107  INFO 12624 --- [restartedMain] org.hibernate.Version                    : HHH000412: Hibernate ORM core version 6.2.2.Final
2023-06-08 10:29:47.111  INFO 12624 --- [restartedMain] org.hibernate.cfg.Environment            : HHH000406: Using bytecode reflection optimizer
2023-06-08 10:29:47.276  INFO 12624 --- [restartedMain] o.h.b.i.BytecodeProviderInitiator        : HHH000021: Bytecode provider name : bytebuddy
2023-06-08 10:29:47.421  INFO 12624 --- [restartedMain] o.s.o.j.p.SpringPersistenceUnitInfo      : No LoadTimeWeaver setup: ignoring JPA class transformer
2023-06-08 10:29:47.465  INFO 12624 --- [restartedMain] org.hibernate.orm.dialect                : HHH035001: Using dialect: org.hibernate.dialect.PostgreSQLDialect, version: org.hibernate.engine.jdbc.env.internal.JdbcEnvironmentInitiator$DialectResolutionInfoImpl@6c1099ff
2023-06-08 10:29:47.722  INFO 12624 --- [restartedMain] o.h.b.i.BytecodeProviderInitiator        : HHH000021: Bytecode provider name : bytebuddy
2023-06-08 10:29:48.373  INFO 12624 --- [restartedMain] o.h.e.t.j.p.i.JtaPlatformInitiator       : HHH000490: Using JtaPlatform implementation: [org.hibernate.engine.transaction.jta.platform.internal.NoJtaPlatform]
2023-06-08 10:29:48.375  INFO 12624 --- [restartedMain] j.LocalContainerEntityManagerFactoryBean : Initialized JPA EntityManagerFactory for persistence unit 'default'
2023-06-08 10:29:50.085  INFO 12624 --- [restartedMain] o.s.s.web.DefaultSecurityFilterChain     : Will secure any request with [org.springframework.security.web.session.DisableEncodeUrlFilter@2b625002, org.springframework.security.web.context.request.async.WebAsyncManagerIntegrationFilter@75891df9, org.springframework.security.web.context.SecurityContextHolderFilter@5ccb1493, org.springframework.security.web.header.HeaderWriterFilter@2232010d, org.springframework.security.web.authentication.logout.LogoutFilter@25f05a05, com.ifinfo.api.security.config.JwtAuthenticationFilter@3eae7c97, org.springframework.security.web.savedrequest.RequestCacheAwareFilter@8197e26, org.springframework.security.web.servletapi.SecurityContextHolderAwareRequestFilter@277b7b62, org.springframework.security.web.authentication.AnonymousAuthenticationFilter@2034f3e6, org.springframework.security.web.session.SessionManagementFilter@5df7d016, org.springframework.security.web.access.ExceptionTranslationFilter@3094783, org.springframework.security.web.access.intercept.AuthorizationFilter@2bdead6a]
2023-06-08 10:29:50.605  INFO 12624 --- [restartedMain] o.s.b.d.a.OptionalLiveReloadServer       : LiveReload server is running on port 35729
2023-06-08 10:29:50.642  INFO 12624 --- [restartedMain] o.s.b.w.embedded.tomcat.TomcatWebServer  : Tomcat started on port(s): 8000 (http) with context path ''
2023-06-08 10:29:50.650  INFO 12624 --- [restartedMain] c.i.api.ExecuteAlgorithmApplication      : Started ExecuteAlgorithmApplication in 6.625 seconds (process running for 7.9)
2023-06-08 10:29:50.653  INFO 12624 --- [restartedMain] o.s.b.a.b.JobLauncherApplicationRunner   : Running default command line with: []
2023-06-08 10:29:55.785  INFO 12624 --- [http-nio-8000-exec-1] o.a.c.c.C.[Tomcat].[localhost].[/]       : Initializing Spring DispatcherServlet 'dispatcherServlet'
2023-06-08 10:29:55.785  INFO 12624 --- [http-nio-8000-exec-1] o.s.web.servlet.DispatcherServlet        : Initializing Servlet 'dispatcherServlet'
2023-06-08 10:29:55.787  INFO 12624 --- [http-nio-8000-exec-1] o.s.web.servlet.DispatcherServlet        : Completed initialization in 1 ms
2023-06-08 10:29:56.279 TRACE 12624 --- [http-nio-8000-exec-1] org.hibernate.orm.jdbc.bind              : binding parameter [1] as [VARCHAR] - [20210101]
2023-06-08 10:29:56.280 TRACE 12624 --- [http-nio-8000-exec-1] org.hibernate.orm.jdbc.bind              : binding parameter [2] as [VARCHAR] - [20230608]
2023-06-08 10:29:56.280 TRACE 12624 --- [http-nio-8000-exec-1] org.hibernate.orm.jdbc.bind              : binding parameter [3] as [VARCHAR] - [%string%]
2023-06-08 10:29:56.280 TRACE 12624 --- [http-nio-8000-exec-1] org.hibernate.orm.jdbc.bind              : binding parameter [4] as [VARCHAR] - [string]
2023-06-08 10:29:56.280 TRACE 12624 --- [http-nio-8000-exec-1] org.hibernate.orm.jdbc.bind              : binding parameter [5] as [INTEGER] - [0]
2023-06-08 10:29:56.282 TRACE 12624 --- [http-nio-8000-exec-1] org.hibernate.orm.jdbc.bind              : binding parameter [6] as [INTEGER] - [10]
2023-06-08 10:29:56.314 TRACE 12624 --- [http-nio-8000-exec-1] org.hibernate.orm.jdbc.bind              : binding parameter [1] as [VARCHAR] - [20210101]
2023-06-08 10:29:56.315 TRACE 12624 --- [http-nio-8000-exec-1] org.hibernate.orm.jdbc.bind              : binding parameter [2] as [VARCHAR] - [20230608]
2023-06-08 10:29:56.315 TRACE 12624 --- [http-nio-8000-exec-1] org.hibernate.orm.jdbc.bind              : binding parameter [3] as [VARCHAR] - [%string%]
2023-06-08 10:29:56.315 TRACE 12624 --- [http-nio-8000-exec-1] org.hibernate.orm.jdbc.bind              : binding parameter [4] as [VARCHAR] - [string]
2023-06-08 10:30:48.492 TRACE 12624 --- [http-nio-8000-exec-2] org.hibernate.orm.jdbc.bind              : binding parameter [1] as [VARCHAR] - [20210101]
2023-06-08 10:30:48.492 TRACE 12624 --- [http-nio-8000-exec-2] org.hibernate.orm.jdbc.bind              : binding parameter [2] as [VARCHAR] - [20230608]
2023-06-08 10:30:48.492 TRACE 12624 --- [http-nio-8000-exec-2] org.hibernate.orm.jdbc.bind              : binding parameter [3] as [INTEGER] - [0]
2023-06-08 10:30:48.492 TRACE 12624 --- [http-nio-8000-exec-2] org.hibernate.orm.jdbc.bind              : binding parameter [4] as [INTEGER] - [10]
2023-06-08 10:30:48.502 TRACE 12624 --- [http-nio-8000-exec-2] org.hibernate.orm.jdbc.bind              : binding parameter [1] as [VARCHAR] - [20210101]
2023-06-08 10:30:48.502 TRACE 12624 --- [http-nio-8000-exec-2] org.hibernate.orm.jdbc.bind              : binding parameter [2] as [VARCHAR] - [20230608]
2023-06-08 10:32:40.773 TRACE 12624 --- [http-nio-8000-exec-4] org.hibernate.orm.jdbc.bind              : binding parameter [1] as [VARCHAR] - [20210101]
2023-06-08 10:32:40.774 TRACE 12624 --- [http-nio-8000-exec-4] org.hibernate.orm.jdbc.bind              : binding parameter [2] as [VARCHAR] - [20230608]
2023-06-08 10:32:40.774 TRACE 12624 --- [http-nio-8000-exec-4] org.hibernate.orm.jdbc.bind              : binding parameter [3] as [INTEGER] - [0]
2023-06-08 10:32:40.774 TRACE 12624 --- [http-nio-8000-exec-4] org.hibernate.orm.jdbc.bind              : binding parameter [4] as [INTEGER] - [10]
2023-06-08 10:32:40.783 TRACE 12624 --- [http-nio-8000-exec-4] org.hibernate.orm.jdbc.bind              : binding parameter [1] as [VARCHAR] - [20210101]
2023-06-08 10:32:40.783 TRACE 12624 --- [http-nio-8000-exec-4] org.hibernate.orm.jdbc.bind              : binding parameter [2] as [VARCHAR] - [20230608]
2023-06-08 10:37:20.220 TRACE 12624 --- [http-nio-8000-exec-6] org.hibernate.orm.jdbc.bind              : binding parameter [1] as [VARCHAR] - [20210101]
2023-06-08 10:37:20.221 TRACE 12624 --- [http-nio-8000-exec-6] org.hibernate.orm.jdbc.bind              : binding parameter [2] as [VARCHAR] - [20230608]
2023-06-08 10:37:20.221 TRACE 12624 --- [http-nio-8000-exec-6] org.hibernate.orm.jdbc.bind              : binding parameter [3] as [INTEGER] - [0]
2023-06-08 10:37:20.221 TRACE 12624 --- [http-nio-8000-exec-6] org.hibernate.orm.jdbc.bind              : binding parameter [4] as [INTEGER] - [10]
2023-06-08 10:37:20.230 TRACE 12624 --- [http-nio-8000-exec-6] org.hibernate.orm.jdbc.bind              : binding parameter [1] as [VARCHAR] - [20210101]
2023-06-08 10:37:20.230 TRACE 12624 --- [http-nio-8000-exec-6] org.hibernate.orm.jdbc.bind              : binding parameter [2] as [VARCHAR] - [20230608]
2023-06-08 10:38:42.775 TRACE 12624 --- [http-nio-8000-exec-8] org.hibernate.orm.jdbc.bind              : binding parameter [1] as [INTEGER] - [0]
2023-06-08 10:38:42.775 TRACE 12624 --- [http-nio-8000-exec-8] org.hibernate.orm.jdbc.bind              : binding parameter [2] as [INTEGER] - [10]
2023-06-08 10:39:21.081 TRACE 12624 --- [http-nio-8000-exec-10] org.hibernate.orm.jdbc.bind              : binding parameter [1] as [INTEGER] - [0]
2023-06-08 10:39:21.081 TRACE 12624 --- [http-nio-8000-exec-10] org.hibernate.orm.jdbc.bind              : binding parameter [2] as [INTEGER] - [10]
2023-06-08 10:39:34.297 TRACE 12624 --- [http-nio-8000-exec-9] org.hibernate.orm.jdbc.bind              : binding parameter [1] as [INTEGER] - [0]
2023-06-08 10:39:34.298 TRACE 12624 --- [http-nio-8000-exec-9] org.hibernate.orm.jdbc.bind              : binding parameter [2] as [INTEGER] - [10]
2023-06-08 11:21:16.449  INFO 12624 --- [SpringApplicationShutdownHook] j.LocalContainerEntityManagerFactoryBean : Closing JPA EntityManagerFactory for persistence unit 'default'
2023-06-08 11:21:16.474  INFO 12624 --- [SpringApplicationShutdownHook] com.zaxxer.hikari.HikariDataSource       : HikariPool-1 - Shutdown initiated...
2023-06-08 11:21:16.478  INFO 12624 --- [SpringApplicationShutdownHook] com.zaxxer.hikari.HikariDataSource       : HikariPool-1 - Shutdown completed.
